This is pdfTeX, Version 3.1415926-2.5-1.40.14 (TeX Live 2013) (format=pdflatex 2014.8.25)  9 NOV 2014 12:57
entering extended mode
 restricted \write18 enabled.
 %&-line parsing enabled.
**BioInfAlgo_Assignment3.tex
(./BioInfAlgo_Assignment3.tex
LaTeX2e <2011/06/27>
Babel <3.9f> and hyphenation patterns for 78 languages loaded.
(/usr/local/texlive/2013/texmf-dist/tex/latex/base/article.cls
Document Class: article 2007/10/19 v1.4h Standard LaTeX document class
(/usr/local/texlive/2013/texmf-dist/tex/latex/base/size10.clo
File: size10.clo 2007/10/19 v1.4h Standard LaTeX file (size option)
)
\c@part=\count79
\c@section=\count80
\c@subsection=\count81
\c@subsubsection=\count82
\c@paragraph=\count83
\c@subparagraph=\count84
\c@figure=\count85
\c@table=\count86
\abovecaptionskip=\skip41
\belowcaptionskip=\skip42
\bibindent=\dimen102
)
(/usr/local/texlive/2013/texmf-dist/tex/generic/babel/babel.sty
Package: babel 2013/05/16 v3.9f The Babel package

(/usr/local/texlive/2013/texmf-dist/tex/generic/babel-english/english.ldf
Language: english 2012/08/20 v3.3p English support from the babel system

(/usr/local/texlive/2013/texmf-dist/tex/generic/babel/babel.def
File: babel.def 2013/05/16 v3.9f Babel common definitions
\babel@savecnt=\count87
\U@D=\dimen103
)
\l@canadian = a dialect from \language\l@american 
\l@australian = a dialect from \language\l@british 
\l@newzealand = a dialect from \language\l@british 
))
(/usr/local/texlive/2013/texmf-dist/tex/latex/base/fontenc.sty
Package: fontenc 2005/09/27 v1.99g Standard LaTeX package

(/usr/local/texlive/2013/texmf-dist/tex/latex/base/t1enc.def
File: t1enc.def 2005/09/27 v1.99g Standard LaTeX file
LaTeX Font Info:    Redeclaring font encoding T1 on input line 43.
))
(/usr/local/texlive/2013/texmf-dist/tex/latex/base/inputenc.sty
Package: inputenc 2008/03/30 v1.1d Input encoding file
\inpenc@prehook=\toks14
\inpenc@posthook=\toks15

(/usr/local/texlive/2013/texmf-dist/tex/latex/base/ansinew.def
File: ansinew.def 2008/03/30 v1.1d Input encoding file
))
(/usr/local/texlive/2013/texmf-dist/tex/latex/lm/lmodern.sty
Package: lmodern 2009/10/30 v1.6 Latin Modern Fonts
LaTeX Font Info:    Overwriting symbol font `operators' in version `normal'
(Font)                  OT1/cmr/m/n --> OT1/lmr/m/n on input line 22.
LaTeX Font Info:    Overwriting symbol font `letters' in version `normal'
(Font)                  OML/cmm/m/it --> OML/lmm/m/it on input line 23.
LaTeX Font Info:    Overwriting symbol font `symbols' in version `normal'
(Font)                  OMS/cmsy/m/n --> OMS/lmsy/m/n on input line 24.
LaTeX Font Info:    Overwriting symbol font `largesymbols' in version `normal'
(Font)                  OMX/cmex/m/n --> OMX/lmex/m/n on input line 25.
LaTeX Font Info:    Overwriting symbol font `operators' in version `bold'
(Font)                  OT1/cmr/bx/n --> OT1/lmr/bx/n on input line 26.
LaTeX Font Info:    Overwriting symbol font `letters' in version `bold'
(Font)                  OML/cmm/b/it --> OML/lmm/b/it on input line 27.
LaTeX Font Info:    Overwriting symbol font `symbols' in version `bold'
(Font)                  OMS/cmsy/b/n --> OMS/lmsy/b/n on input line 28.
LaTeX Font Info:    Overwriting symbol font `largesymbols' in version `bold'
(Font)                  OMX/cmex/m/n --> OMX/lmex/m/n on input line 29.
LaTeX Font Info:    Overwriting math alphabet `\mathbf' in version `normal'
(Font)                  OT1/cmr/bx/n --> OT1/lmr/bx/n on input line 31.
LaTeX Font Info:    Overwriting math alphabet `\mathsf' in version `normal'
(Font)                  OT1/cmss/m/n --> OT1/lmss/m/n on input line 32.
LaTeX Font Info:    Overwriting math alphabet `\mathit' in version `normal'
(Font)                  OT1/cmr/m/it --> OT1/lmr/m/it on input line 33.
LaTeX Font Info:    Overwriting math alphabet `\mathtt' in version `normal'
(Font)                  OT1/cmtt/m/n --> OT1/lmtt/m/n on input line 34.
LaTeX Font Info:    Overwriting math alphabet `\mathbf' in version `bold'
(Font)                  OT1/cmr/bx/n --> OT1/lmr/bx/n on input line 35.
LaTeX Font Info:    Overwriting math alphabet `\mathsf' in version `bold'
(Font)                  OT1/cmss/bx/n --> OT1/lmss/bx/n on input line 36.
LaTeX Font Info:    Overwriting math alphabet `\mathit' in version `bold'
(Font)                  OT1/cmr/bx/it --> OT1/lmr/bx/it on input line 37.
LaTeX Font Info:    Overwriting math alphabet `\mathtt' in version `bold'
(Font)                  OT1/cmtt/m/n --> OT1/lmtt/m/n on input line 38.
)
(/usr/local/texlive/2013/texmf-dist/tex/latex/amsmath/amsmath.sty
Package: amsmath 2013/01/14 v2.14 AMS math features
\@mathmargin=\skip43

For additional information on amsmath, use the `?' option.
(/usr/local/texlive/2013/texmf-dist/tex/latex/amsmath/amstext.sty
Package: amstext 2000/06/29 v2.01

(/usr/local/texlive/2013/texmf-dist/tex/latex/amsmath/amsgen.sty
File: amsgen.sty 1999/11/30 v2.0
\@emptytoks=\toks16
\ex@=\dimen104
))
(/usr/local/texlive/2013/texmf-dist/tex/latex/amsmath/amsbsy.sty
Package: amsbsy 1999/11/29 v1.2d
\pmbraise@=\dimen105
)
(/usr/local/texlive/2013/texmf-dist/tex/latex/amsmath/amsopn.sty
Package: amsopn 1999/12/14 v2.01 operator names
)
\inf@bad=\count88
LaTeX Info: Redefining \frac on input line 210.
\uproot@=\count89
\leftroot@=\count90
LaTeX Info: Redefining \overline on input line 306.
\classnum@=\count91
\DOTSCASE@=\count92
LaTeX Info: Redefining \ldots on input line 378.
LaTeX Info: Redefining \dots on input line 381.
LaTeX Info: Redefining \cdots on input line 466.
\Mathstrutbox@=\box26
\strutbox@=\box27
\big@size=\dimen106
LaTeX Font Info:    Redeclaring font encoding OML on input line 566.
LaTeX Font Info:    Redeclaring font encoding OMS on input line 567.
\macc@depth=\count93
\c@MaxMatrixCols=\count94
\dotsspace@=\muskip10
\c@parentequation=\count95
\dspbrk@lvl=\count96
\tag@help=\toks17
\row@=\count97
\column@=\count98
\maxfields@=\count99
\andhelp@=\toks18
\eqnshift@=\dimen107
\alignsep@=\dimen108
\tagshift@=\dimen109
\tagwidth@=\dimen110
\totwidth@=\dimen111
\lineht@=\dimen112
\@envbody=\toks19
\multlinegap=\skip44
\multlinetaggap=\skip45
\mathdisplay@stack=\toks20
LaTeX Info: Redefining \[ on input line 2665.
LaTeX Info: Redefining \] on input line 2666.
)
(/usr/local/texlive/2013/texmf-dist/tex/latex/amsfonts/amsfonts.sty
Package: amsfonts 2013/01/14 v3.01 Basic AMSFonts support
\symAMSa=\mathgroup4
\symAMSb=\mathgroup5
LaTeX Font Info:    Overwriting math alphabet `\mathfrak' in version `bold'
(Font)                  U/euf/m/n --> U/euf/b/n on input line 106.
)
(/usr/local/texlive/2013/texmf-dist/tex/latex/graphics/graphicx.sty
Package: graphicx 1999/02/16 v1.0f Enhanced LaTeX Graphics (DPC,SPQR)

(/usr/local/texlive/2013/texmf-dist/tex/latex/graphics/keyval.sty
Package: keyval 1999/03/16 v1.13 key=value parser (DPC)
\KV@toks@=\toks21
)
(/usr/local/texlive/2013/texmf-dist/tex/latex/graphics/graphics.sty
Package: graphics 2009/02/05 v1.0o Standard LaTeX Graphics (DPC,SPQR)

(/usr/local/texlive/2013/texmf-dist/tex/latex/graphics/trig.sty
Package: trig 1999/03/16 v1.09 sin cos tan (DPC)
)
(/usr/local/texlive/2013/texmf-dist/tex/latex/latexconfig/graphics.cfg
File: graphics.cfg 2010/04/23 v1.9 graphics configuration of TeX Live
)
Package graphics Info: Driver file: pdftex.def on input line 91.

(/usr/local/texlive/2013/texmf-dist/tex/latex/pdftex-def/pdftex.def
File: pdftex.def 2011/05/27 v0.06d Graphics/color for pdfTeX

(/usr/local/texlive/2013/texmf-dist/tex/generic/oberdiek/infwarerr.sty
Package: infwarerr 2010/04/08 v1.3 Providing info/warning/error messages (HO)
)
(/usr/local/texlive/2013/texmf-dist/tex/generic/oberdiek/ltxcmds.sty
Package: ltxcmds 2011/11/09 v1.22 LaTeX kernel commands for general use (HO)
)
\Gread@gobject=\count100
))
\Gin@req@height=\dimen113
\Gin@req@width=\dimen114
)
(/usr/local/texlive/2013/texmf-dist/tex/latex/lipsum/lipsum.sty
Package: lipsum 2011/04/14 v1.2 150 paragraphs of Lorem Ipsum dummy text
\c@lips@count=\count101
)
(/usr/local/texlive/2013/texmf-dist/tex/latex/graphics/lscape.sty
Package: lscape 2000/10/22 v3.01 Landscape Pages (DPC)
)
(/usr/local/texlive/2013/texmf-dist/tex/latex/pgf/frontendlayer/tikz.sty
(/usr/local/texlive/2013/texmf-dist/tex/latex/pgf/basiclayer/pgf.sty
(/usr/local/texlive/2013/texmf-dist/tex/latex/pgf/utilities/pgfrcs.sty
(/usr/local/texlive/2013/texmf-dist/tex/generic/pgf/utilities/pgfutil-common.te
x
\pgfutil@everybye=\toks22
)
(/usr/local/texlive/2013/texmf-dist/tex/generic/pgf/utilities/pgfutil-latex.def
\pgfutil@abb=\box28
(/usr/local/texlive/2013/texmf-dist/tex/latex/ms/everyshi.sty
Package: everyshi 2001/05/15 v3.00 EveryShipout Package (MS)
))
(/usr/local/texlive/2013/texmf-dist/tex/generic/pgf/utilities/pgfrcs.code.tex
Package: pgfrcs 2010/10/25 v2.10 (rcs-revision 1.24)
))
Package: pgf 2008/01/15 v2.10 (rcs-revision 1.12)
(/usr/local/texlive/2013/texmf-dist/tex/latex/pgf/basiclayer/pgfcore.sty
(/usr/local/texlive/2013/texmf-dist/tex/latex/pgf/systemlayer/pgfsys.sty
(/usr/local/texlive/2013/texmf-dist/tex/generic/pgf/systemlayer/pgfsys.code.tex
Package: pgfsys 2010/06/30 v2.10 (rcs-revision 1.37)
(/usr/local/texlive/2013/texmf-dist/tex/generic/pgf/utilities/pgfkeys.code.tex
\pgfkeys@pathtoks=\toks23
\pgfkeys@temptoks=\toks24

(/usr/local/texlive/2013/texmf-dist/tex/generic/pgf/utilities/pgfkeysfiltered.c
ode.tex
\pgfkeys@tmptoks=\toks25
))
\pgf@x=\dimen115
\pgf@y=\dimen116
\pgf@xa=\dimen117
\pgf@ya=\dimen118
\pgf@xb=\dimen119
\pgf@yb=\dimen120
\pgf@xc=\dimen121
\pgf@yc=\dimen122
\w@pgf@writea=\write3
\r@pgf@reada=\read1
\c@pgf@counta=\count102
\c@pgf@countb=\count103
\c@pgf@countc=\count104
\c@pgf@countd=\count105

(/usr/local/texlive/2013/texmf-dist/tex/generic/pgf/systemlayer/pgf.cfg
File: pgf.cfg 2008/05/14  (rcs-revision 1.7)
)
Package pgfsys Info: Driver file for pgf: pgfsys-pdftex.def on input line 900.

(/usr/local/texlive/2013/texmf-dist/tex/generic/pgf/systemlayer/pgfsys-pdftex.d
ef
File: pgfsys-pdftex.def 2009/05/22  (rcs-revision 1.26)

(/usr/local/texlive/2013/texmf-dist/tex/generic/pgf/systemlayer/pgfsys-common-p
df.def
File: pgfsys-common-pdf.def 2008/05/19  (rcs-revision 1.10)
)))
(/usr/local/texlive/2013/texmf-dist/tex/generic/pgf/systemlayer/pgfsyssoftpath.
code.tex
File: pgfsyssoftpath.code.tex 2008/07/18  (rcs-revision 1.7)
\pgfsyssoftpath@smallbuffer@items=\count106
\pgfsyssoftpath@bigbuffer@items=\count107
)
(/usr/local/texlive/2013/texmf-dist/tex/generic/pgf/systemlayer/pgfsysprotocol.
code.tex
File: pgfsysprotocol.code.tex 2006/10/16  (rcs-revision 1.4)
)) (/usr/local/texlive/2013/texmf-dist/tex/latex/xcolor/xcolor.sty
Package: xcolor 2007/01/21 v2.11 LaTeX color extensions (UK)

(/usr/local/texlive/2013/texmf-dist/tex/latex/latexconfig/color.cfg
File: color.cfg 2007/01/18 v1.5 color configuration of teTeX/TeXLive
)
Package xcolor Info: Driver file: pdftex.def on input line 225.
Package xcolor Info: Model `cmy' substituted by `cmy0' on input line 1337.
Package xcolor Info: Model `hsb' substituted by `rgb' on input line 1341.
Package xcolor Info: Model `RGB' extended on input line 1353.
Package xcolor Info: Model `HTML' substituted by `rgb' on input line 1355.
Package xcolor Info: Model `Hsb' substituted by `hsb' on input line 1356.
Package xcolor Info: Model `tHsb' substituted by `hsb' on input line 1357.
Package xcolor Info: Model `HSB' substituted by `hsb' on input line 1358.
Package xcolor Info: Model `Gray' substituted by `gray' on input line 1359.
Package xcolor Info: Model `wave' substituted by `hsb' on input line 1360.
)
(/usr/local/texlive/2013/texmf-dist/tex/generic/pgf/basiclayer/pgfcore.code.tex
Package: pgfcore 2010/04/11 v2.10 (rcs-revision 1.7)
(/usr/local/texlive/2013/texmf-dist/tex/generic/pgf/math/pgfmath.code.tex
(/usr/local/texlive/2013/texmf-dist/tex/generic/pgf/math/pgfmathcalc.code.tex
(/usr/local/texlive/2013/texmf-dist/tex/generic/pgf/math/pgfmathutil.code.tex)
(/usr/local/texlive/2013/texmf-dist/tex/generic/pgf/math/pgfmathparser.code.tex
\pgfmath@dimen=\dimen123
\pgfmath@count=\count108
\pgfmath@box=\box29
\pgfmath@toks=\toks26
\pgfmath@stack@operand=\toks27
\pgfmath@stack@operation=\toks28
)
(/usr/local/texlive/2013/texmf-dist/tex/generic/pgf/math/pgfmathfunctions.code.
tex
(/usr/local/texlive/2013/texmf-dist/tex/generic/pgf/math/pgfmathfunctions.basic
.code.tex)
(/usr/local/texlive/2013/texmf-dist/tex/generic/pgf/math/pgfmathfunctions.trigo
nometric.code.tex)
(/usr/local/texlive/2013/texmf-dist/tex/generic/pgf/math/pgfmathfunctions.rando
m.code.tex)
(/usr/local/texlive/2013/texmf-dist/tex/generic/pgf/math/pgfmathfunctions.compa
rison.code.tex)
(/usr/local/texlive/2013/texmf-dist/tex/generic/pgf/math/pgfmathfunctions.base.
code.tex)
(/usr/local/texlive/2013/texmf-dist/tex/generic/pgf/math/pgfmathfunctions.round
.code.tex)
(/usr/local/texlive/2013/texmf-dist/tex/generic/pgf/math/pgfmathfunctions.misc.
code.tex)))
(/usr/local/texlive/2013/texmf-dist/tex/generic/pgf/math/pgfmathfloat.code.tex
\c@pgfmathroundto@lastzeros=\count109
))
(/usr/local/texlive/2013/texmf-dist/tex/generic/pgf/basiclayer/pgfcorepoints.co
de.tex
File: pgfcorepoints.code.tex 2010/04/09  (rcs-revision 1.20)
\pgf@picminx=\dimen124
\pgf@picmaxx=\dimen125
\pgf@picminy=\dimen126
\pgf@picmaxy=\dimen127
\pgf@pathminx=\dimen128
\pgf@pathmaxx=\dimen129
\pgf@pathminy=\dimen130
\pgf@pathmaxy=\dimen131
\pgf@xx=\dimen132
\pgf@xy=\dimen133
\pgf@yx=\dimen134
\pgf@yy=\dimen135
\pgf@zx=\dimen136
\pgf@zy=\dimen137
)
(/usr/local/texlive/2013/texmf-dist/tex/generic/pgf/basiclayer/pgfcorepathconst
ruct.code.tex
File: pgfcorepathconstruct.code.tex 2010/08/03  (rcs-revision 1.24)
\pgf@path@lastx=\dimen138
\pgf@path@lasty=\dimen139
)
(/usr/local/texlive/2013/texmf-dist/tex/generic/pgf/basiclayer/pgfcorepathusage
.code.tex
File: pgfcorepathusage.code.tex 2008/04/22  (rcs-revision 1.12)
\pgf@shorten@end@additional=\dimen140
\pgf@shorten@start@additional=\dimen141
)
(/usr/local/texlive/2013/texmf-dist/tex/generic/pgf/basiclayer/pgfcorescopes.co
de.tex
File: pgfcorescopes.code.tex 2010/09/08  (rcs-revision 1.34)
\pgfpic=\box30
\pgf@hbox=\box31
\pgf@layerbox@main=\box32
\pgf@picture@serial@count=\count110
)
(/usr/local/texlive/2013/texmf-dist/tex/generic/pgf/basiclayer/pgfcoregraphicst
ate.code.tex
File: pgfcoregraphicstate.code.tex 2008/04/22  (rcs-revision 1.9)
\pgflinewidth=\dimen142
)
(/usr/local/texlive/2013/texmf-dist/tex/generic/pgf/basiclayer/pgfcoretransform
ations.code.tex
File: pgfcoretransformations.code.tex 2009/06/10  (rcs-revision 1.11)
\pgf@pt@x=\dimen143
\pgf@pt@y=\dimen144
\pgf@pt@temp=\dimen145
)
(/usr/local/texlive/2013/texmf-dist/tex/generic/pgf/basiclayer/pgfcorequick.cod
e.tex
File: pgfcorequick.code.tex 2008/10/09  (rcs-revision 1.3)
)
(/usr/local/texlive/2013/texmf-dist/tex/generic/pgf/basiclayer/pgfcoreobjects.c
ode.tex
File: pgfcoreobjects.code.tex 2006/10/11  (rcs-revision 1.2)
)
(/usr/local/texlive/2013/texmf-dist/tex/generic/pgf/basiclayer/pgfcorepathproce
ssing.code.tex
File: pgfcorepathprocessing.code.tex 2008/10/09  (rcs-revision 1.8)
)
(/usr/local/texlive/2013/texmf-dist/tex/generic/pgf/basiclayer/pgfcorearrows.co
de.tex
File: pgfcorearrows.code.tex 2008/04/23  (rcs-revision 1.11)
)
(/usr/local/texlive/2013/texmf-dist/tex/generic/pgf/basiclayer/pgfcoreshade.cod
e.tex
File: pgfcoreshade.code.tex 2008/11/23  (rcs-revision 1.13)
\pgf@max=\dimen146
\pgf@sys@shading@range@num=\count111
)
(/usr/local/texlive/2013/texmf-dist/tex/generic/pgf/basiclayer/pgfcoreimage.cod
e.tex
File: pgfcoreimage.code.tex 2010/03/25  (rcs-revision 1.16)

(/usr/local/texlive/2013/texmf-dist/tex/generic/pgf/basiclayer/pgfcoreexternal.
code.tex
File: pgfcoreexternal.code.tex 2010/09/01  (rcs-revision 1.17)
\pgfexternal@startupbox=\box33
))
(/usr/local/texlive/2013/texmf-dist/tex/generic/pgf/basiclayer/pgfcorelayers.co
de.tex
File: pgfcorelayers.code.tex 2010/08/27  (rcs-revision 1.2)
)
(/usr/local/texlive/2013/texmf-dist/tex/generic/pgf/basiclayer/pgfcoretranspare
ncy.code.tex
File: pgfcoretransparency.code.tex 2008/01/17  (rcs-revision 1.2)
)
(/usr/local/texlive/2013/texmf-dist/tex/generic/pgf/basiclayer/pgfcorepatterns.
code.tex
File: pgfcorepatterns.code.tex 2009/07/02  (rcs-revision 1.3)
)))
(/usr/local/texlive/2013/texmf-dist/tex/generic/pgf/modules/pgfmoduleshapes.cod
e.tex
File: pgfmoduleshapes.code.tex 2010/09/09  (rcs-revision 1.13)
\pgfnodeparttextbox=\box34
)
(/usr/local/texlive/2013/texmf-dist/tex/generic/pgf/modules/pgfmoduleplot.code.
tex
File: pgfmoduleplot.code.tex 2010/10/22  (rcs-revision 1.8)
)
(/usr/local/texlive/2013/texmf-dist/tex/latex/pgf/compatibility/pgfcomp-version
-0-65.sty
Package: pgfcomp-version-0-65 2007/07/03 v2.10 (rcs-revision 1.7)
\pgf@nodesepstart=\dimen147
\pgf@nodesepend=\dimen148
)
(/usr/local/texlive/2013/texmf-dist/tex/latex/pgf/compatibility/pgfcomp-version
-1-18.sty
Package: pgfcomp-version-1-18 2007/07/23 v2.10 (rcs-revision 1.1)
))
(/usr/local/texlive/2013/texmf-dist/tex/latex/pgf/utilities/pgffor.sty
(/usr/local/texlive/2013/texmf-dist/tex/latex/pgf/utilities/pgfkeys.sty
(/usr/local/texlive/2013/texmf-dist/tex/generic/pgf/utilities/pgfkeys.code.tex)
) (/usr/local/texlive/2013/texmf-dist/tex/generic/pgf/utilities/pgffor.code.tex
Package: pgffor 2010/03/23 v2.10 (rcs-revision 1.18)
\pgffor@iter=\dimen149
\pgffor@skip=\dimen150
\pgffor@stack=\toks29
\pgffor@toks=\toks30
))
(/usr/local/texlive/2013/texmf-dist/tex/generic/pgf/frontendlayer/tikz/tikz.cod
e.tex
Package: tikz 2010/10/13 v2.10 (rcs-revision 1.76)

(/usr/local/texlive/2013/texmf-dist/tex/generic/pgf/libraries/pgflibraryplothan
dlers.code.tex
File: pgflibraryplothandlers.code.tex 2010/05/31 v2.10 (rcs-revision 1.15)
\pgf@plot@mark@count=\count112
\pgfplotmarksize=\dimen151
)
\tikz@lastx=\dimen152
\tikz@lasty=\dimen153
\tikz@lastxsaved=\dimen154
\tikz@lastysaved=\dimen155
\tikzleveldistance=\dimen156
\tikzsiblingdistance=\dimen157
\tikz@figbox=\box35
\tikz@tempbox=\box36
\tikztreelevel=\count113
\tikznumberofchildren=\count114
\tikznumberofcurrentchild=\count115
\tikz@fig@count=\count116

(/usr/local/texlive/2013/texmf-dist/tex/generic/pgf/modules/pgfmodulematrix.cod
e.tex
File: pgfmodulematrix.code.tex 2010/08/24  (rcs-revision 1.4)
\pgfmatrixcurrentrow=\count117
\pgfmatrixcurrentcolumn=\count118
\pgf@matrix@numberofcolumns=\count119
)
\tikz@expandcount=\count120

(/usr/local/texlive/2013/texmf-dist/tex/generic/pgf/frontendlayer/tikz/librarie
s/tikzlibrarytopaths.code.tex
File: tikzlibrarytopaths.code.tex 2008/06/17 v2.10 (rcs-revision 1.2)
)))
(/usr/local/texlive/2013/texmf-dist/tex/latex/was/upgreek.sty
Package: upgreek 2003/02/12 v2.0 (WaS)
Package upgreek Info: Using Euler Roman for upright Greek on input line 31.
\symugrf@m=\mathgroup6
LaTeX Font Info:    Overwriting symbol font `ugrf@m' in version `bold'
(Font)                  U/eur/m/n --> U/eur/b/n on input line 38.
)
(./BioInfAlgo_Assignment3.aux)
\openout1 = `BioInfAlgo_Assignment3.aux'.

LaTeX Font Info:    Checking defaults for OML/cmm/m/it on input line 16.
LaTeX Font Info:    ... okay on input line 16.
LaTeX Font Info:    Checking defaults for T1/cmr/m/n on input line 16.
LaTeX Font Info:    ... okay on input line 16.
LaTeX Font Info:    Checking defaults for OT1/cmr/m/n on input line 16.
LaTeX Font Info:    ... okay on input line 16.
LaTeX Font Info:    Checking defaults for OMS/cmsy/m/n on input line 16.
LaTeX Font Info:    ... okay on input line 16.
LaTeX Font Info:    Checking defaults for OMX/cmex/m/n on input line 16.
LaTeX Font Info:    ... okay on input line 16.
LaTeX Font Info:    Checking defaults for U/cmr/m/n on input line 16.
LaTeX Font Info:    ... okay on input line 16.
LaTeX Font Info:    Try loading font information for T1+lmr on input line 16.

(/usr/local/texlive/2013/texmf-dist/tex/latex/lm/t1lmr.fd
File: t1lmr.fd 2009/10/30 v1.6 Font defs for Latin Modern
)
(/usr/local/texlive/2013/texmf-dist/tex/context/base/supp-pdf.mkii
[Loading MPS to PDF converter (version 2006.09.02).]
\scratchcounter=\count121
\scratchdimen=\dimen158
\scratchbox=\box37
\nofMPsegments=\count122
\nofMParguments=\count123
\everyMPshowfont=\toks31
\MPscratchCnt=\count124
\MPscratchDim=\dimen159
\MPnumerator=\count125
\makeMPintoPDFobject=\count126
\everyMPtoPDFconversion=\toks32
) (/usr/local/texlive/2013/texmf-dist/tex/generic/oberdiek/pdftexcmds.sty
Package: pdftexcmds 2011/11/29 v0.20 Utility functions of pdfTeX for LuaTeX (HO
)

(/usr/local/texlive/2013/texmf-dist/tex/generic/oberdiek/ifluatex.sty
Package: ifluatex 2010/03/01 v1.3 Provides the ifluatex switch (HO)
Package ifluatex Info: LuaTeX not detected.
)
(/usr/local/texlive/2013/texmf-dist/tex/generic/oberdiek/ifpdf.sty
Package: ifpdf 2011/01/30 v2.3 Provides the ifpdf switch (HO)
Package ifpdf Info: pdfTeX in PDF mode is detected.
)
Package pdftexcmds Info: LuaTeX not detected.
Package pdftexcmds Info: \pdf@primitive is available.
Package pdftexcmds Info: \pdf@ifprimitive is available.
Package pdftexcmds Info: \pdfdraftmode found.
)
(/usr/local/texlive/2013/texmf-dist/tex/latex/oberdiek/epstopdf-base.sty
Package: epstopdf-base 2010/02/09 v2.5 Base part for package epstopdf

(/usr/local/texlive/2013/texmf-dist/tex/latex/oberdiek/grfext.sty
Package: grfext 2010/08/19 v1.1 Manage graphics extensions (HO)

(/usr/local/texlive/2013/texmf-dist/tex/generic/oberdiek/kvdefinekeys.sty
Package: kvdefinekeys 2011/04/07 v1.3 Define keys (HO)
))
(/usr/local/texlive/2013/texmf-dist/tex/latex/oberdiek/kvoptions.sty
Package: kvoptions 2011/06/30 v3.11 Key value format for package options (HO)

(/usr/local/texlive/2013/texmf-dist/tex/generic/oberdiek/kvsetkeys.sty
Package: kvsetkeys 2012/04/25 v1.16 Key value parser (HO)

(/usr/local/texlive/2013/texmf-dist/tex/generic/oberdiek/etexcmds.sty
Package: etexcmds 2011/02/16 v1.5 Avoid name clashes with e-TeX commands (HO)
Package etexcmds Info: Could not find \expanded.
(etexcmds)             That can mean that you are not using pdfTeX 1.50 or
(etexcmds)             that some package has redefined \expanded.
(etexcmds)             In the latter case, load this package earlier.
)))
Package grfext Info: Graphics extension search list:
(grfext)             [.png,.pdf,.jpg,.mps,.jpeg,.jbig2,.jb2,.PNG,.PDF,.JPG,.JPE
G,.JBIG2,.JB2,.eps]
(grfext)             \AppendGraphicsExtensions on input line 452.

(/usr/local/texlive/2013/texmf-dist/tex/latex/latexconfig/epstopdf-sys.cfg
File: epstopdf-sys.cfg 2010/07/13 v1.3 Configuration of (r)epstopdf for TeX Liv
e
))
ABD: EveryShipout initializing macros
LaTeX Font Info:    Try loading font information for OT1+lmr on input line 30.

(/usr/local/texlive/2013/texmf-dist/tex/latex/lm/ot1lmr.fd
File: ot1lmr.fd 2009/10/30 v1.6 Font defs for Latin Modern
)
LaTeX Font Info:    Try loading font information for OML+lmm on input line 30.

(/usr/local/texlive/2013/texmf-dist/tex/latex/lm/omllmm.fd
File: omllmm.fd 2009/10/30 v1.6 Font defs for Latin Modern
)
LaTeX Font Info:    Try loading font information for OMS+lmsy on input line 30.


(/usr/local/texlive/2013/texmf-dist/tex/latex/lm/omslmsy.fd
File: omslmsy.fd 2009/10/30 v1.6 Font defs for Latin Modern
)
LaTeX Font Info:    Try loading font information for OMX+lmex on input line 30.


(/usr/local/texlive/2013/texmf-dist/tex/latex/lm/omxlmex.fd
File: omxlmex.fd 2009/10/30 v1.6 Font defs for Latin Modern
)
LaTeX Font Info:    External font `lmex10' loaded for size
(Font)              <10> on input line 30.
LaTeX Font Info:    External font `lmex10' loaded for size
(Font)              <7> on input line 30.
LaTeX Font Info:    External font `lmex10' loaded for size
(Font)              <5> on input line 30.
LaTeX Font Info:    Try loading font information for U+msa on input line 30.

(/usr/local/texlive/2013/texmf-dist/tex/latex/amsfonts/umsa.fd
File: umsa.fd 2013/01/14 v3.01 AMS symbols A
)
LaTeX Font Info:    Try loading font information for U+msb on input line 30.

(/usr/local/texlive/2013/texmf-dist/tex/latex/amsfonts/umsb.fd
File: umsb.fd 2013/01/14 v3.01 AMS symbols B
)
Overfull \hbox (3.12491pt too wide) in paragraph at lines 200--200
 [][][][]$\OML/lmm/m/it/10 H$ 
 []


Overfull \hbox (1.23259pt too wide) in paragraph at lines 200--200
 [][][][]$\OML/lmm/m/it/10 T$ 
 []


Overfull \hbox (3.12491pt too wide) in paragraph at lines 200--200
 [][][][]$\OML/lmm/m/it/10 H$ 
 []


Overfull \hbox (1.23259pt too wide) in paragraph at lines 200--200
 [][][][]$\OML/lmm/m/it/10 T$ 
 []


Overfull \hbox (3.12491pt too wide) in paragraph at lines 200--200
 [][][][]$\OML/lmm/m/it/10 H$ 
 []


Overfull \hbox (1.23259pt too wide) in paragraph at lines 200--200
 [][][][]$\OML/lmm/m/it/10 T$ 
 []


Overfull \hbox (3.12491pt too wide) in paragraph at lines 200--200
 [][][][]$\OML/lmm/m/it/10 H$ 
 []


Overfull \hbox (1.23259pt too wide) in paragraph at lines 200--200
 [][][][]$\OML/lmm/m/it/10 T$ 
 []


Overfull \hbox (3.12491pt too wide) in paragraph at lines 200--200
 [][][][]$\OML/lmm/m/it/10 H$ 
 []


Overfull \hbox (1.23259pt too wide) in paragraph at lines 200--200
 [][][][]$\OML/lmm/m/it/10 T$ 
 []


Overfull \hbox (3.12491pt too wide) in paragraph at lines 200--200
 [][][][]$\OML/lmm/m/it/10 H$ 
 []


Overfull \hbox (1.23259pt too wide) in paragraph at lines 200--200
 [][][][]$\OML/lmm/m/it/10 T$ 
 []


Overfull \hbox (3.12491pt too wide) in paragraph at lines 200--200
 [][][][]$\OML/lmm/m/it/10 H$ 
 []


Overfull \hbox (1.23259pt too wide) in paragraph at lines 200--200
 [][][][]$\OML/lmm/m/it/10 T$ 
 []


Overfull \hbox (3.12491pt too wide) in paragraph at lines 200--200
 [][][][]$\OML/lmm/m/it/10 H$ 
 []


Overfull \hbox (1.23259pt too wide) in paragraph at lines 200--200
 [][][][]$\OML/lmm/m/it/10 T$ 
 []


Overfull \hbox (3.12491pt too wide) in paragraph at lines 200--200
 [][][][]$\OML/lmm/m/it/10 H$ 
 []


Overfull \hbox (1.23259pt too wide) in paragraph at lines 200--200
 [][][][]$\OML/lmm/m/it/10 T$ 
 []


Overfull \hbox (3.12491pt too wide) in paragraph at lines 200--200
 [][][][]$\OML/lmm/m/it/10 H$ 
 []


Overfull \hbox (1.23259pt too wide) in paragraph at lines 200--200
 [][][][]$\OML/lmm/m/it/10 T$ 
 []


Overfull \hbox (3.12491pt too wide) in paragraph at lines 200--200
 [][][][]$\OML/lmm/m/it/10 H$ 
 []


Overfull \hbox (1.23259pt too wide) in paragraph at lines 200--200
 [][][][]$\OML/lmm/m/it/10 T$ 
 []


Overfull \hbox (3.12491pt too wide) in paragraph at lines 200--200
 [][][][]$\OML/lmm/m/it/10 H$ 
 []


Overfull \hbox (1.23259pt too wide) in paragraph at lines 200--200
 [][][][]$\OML/lmm/m/it/10 T$ 
 []


Overfull \hbox (3.12491pt too wide) in paragraph at lines 200--200
 [][][][]$\OML/lmm/m/it/10 H$ 
 []


Overfull \hbox (1.23259pt too wide) in paragraph at lines 200--200
 [][][][]$\OML/lmm/m/it/10 T$ 
 []


Overfull \hbox (3.12491pt too wide) in paragraph at lines 200--200
 [][][][]$\OML/lmm/m/it/10 H$ 
 []


Overfull \hbox (1.23259pt too wide) in paragraph at lines 200--200
 [][][][]$\OML/lmm/m/it/10 T$ 
 []


Overfull \hbox (3.12491pt too wide) in paragraph at lines 200--200
 [][][][]$\OML/lmm/m/it/10 H$ 
 []


Overfull \hbox (1.23259pt too wide) in paragraph at lines 200--200
 [][][][]$\OML/lmm/m/it/10 T$ 
 []


Overfull \hbox (3.12491pt too wide) in paragraph at lines 200--200
 [][][][]$\OML/lmm/m/it/10 H$ 
 []


Overfull \hbox (1.23259pt too wide) in paragraph at lines 200--200
 [][][][]$\OML/lmm/m/it/10 T$ 
 []


Overfull \hbox (3.12491pt too wide) in paragraph at lines 200--200
 [][][][]$\OML/lmm/m/it/10 H$ 
 []


Overfull \hbox (1.23259pt too wide) in paragraph at lines 200--200
 [][][][]$\OML/lmm/m/it/10 T$ 
 []


Overfull \hbox (3.12491pt too wide) in paragraph at lines 200--200
 [][][][]$\OML/lmm/m/it/10 H$ 
 []


Overfull \hbox (1.23259pt too wide) in paragraph at lines 200--200
 [][][][]$\OML/lmm/m/it/10 T$ 
 []


Overfull \hbox (3.12491pt too wide) in paragraph at lines 200--200
 [][][][]$\OML/lmm/m/it/10 H$ 
 []


Overfull \hbox (1.23259pt too wide) in paragraph at lines 200--200
 [][][][]$\OML/lmm/m/it/10 T$ 
 []


Overfull \hbox (3.12491pt too wide) in paragraph at lines 200--200
 [][][][]$\OML/lmm/m/it/10 H$ 
 []


Overfull \hbox (1.23259pt too wide) in paragraph at lines 200--200
 [][][][]$\OML/lmm/m/it/10 T$ 
 []


Overfull \hbox (6.77066pt too wide) in paragraph at lines 637--637
 [][][][]$\OML/lmm/m/it/10 X[]$ 
 []


Overfull \hbox (12.432pt too wide) in paragraph at lines 637--637
 [][][][]$\OML/lmm/m/it/10 B[]$ 
 []


Overfull \hbox (12.432pt too wide) in paragraph at lines 637--637
 [][][][]$\OML/lmm/m/it/10 B[]$ 
 []


Overfull \hbox (12.432pt too wide) in paragraph at lines 637--637
 [][][][]$\OML/lmm/m/it/10 B[]$ 
 []


Overfull \hbox (12.432pt too wide) in paragraph at lines 637--637
 [][][][]$\OML/lmm/m/it/10 B[]$ 
 []


Overfull \hbox (12.432pt too wide) in paragraph at lines 637--637
 [][][][]$\OML/lmm/m/it/10 B[]$ 
 []


Overfull \hbox (12.432pt too wide) in paragraph at lines 637--637
 [][][][]$\OML/lmm/m/it/10 B[]$ 
 []


Overfull \hbox (12.432pt too wide) in paragraph at lines 637--637
 [][][][]$\OML/lmm/m/it/10 B[]$ 
 []


Overfull \hbox (12.432pt too wide) in paragraph at lines 637--637
 [][][][]$\OML/lmm/m/it/10 B[]$ 
 []


Overfull \hbox (12.432pt too wide) in paragraph at lines 637--637
 [][][][]$\OML/lmm/m/it/10 B[]$ 
 []


Overfull \hbox (16.418pt too wide) in paragraph at lines 637--637
 [][][][]$\OML/lmm/m/it/10 B[]$ 
 []


Overfull \hbox (11.27748pt too wide) in paragraph at lines 637--637
 [][][][]$\OML/lmm/m/it/10 F[]$ 
 []


Overfull \hbox (11.27748pt too wide) in paragraph at lines 637--637
 [][][][]$\OML/lmm/m/it/10 F[]$ 
 []


Overfull \hbox (11.27748pt too wide) in paragraph at lines 637--637
 [][][][]$\OML/lmm/m/it/10 F[]$ 
 []


Overfull \hbox (11.27748pt too wide) in paragraph at lines 637--637
 [][][][]$\OML/lmm/m/it/10 F[]$ 
 []


Overfull \hbox (11.27748pt too wide) in paragraph at lines 637--637
 [][][][]$\OML/lmm/m/it/10 F[]$ 
 []


Overfull \hbox (11.27748pt too wide) in paragraph at lines 637--637
 [][][][]$\OML/lmm/m/it/10 F[]$ 
 []


Overfull \hbox (11.27748pt too wide) in paragraph at lines 637--637
 [][][][]$\OML/lmm/m/it/10 F[]$ 
 []


Overfull \hbox (11.27748pt too wide) in paragraph at lines 637--637
 [][][][]$\OML/lmm/m/it/10 F[]$ 
 []


Overfull \hbox (11.27748pt too wide) in paragraph at lines 637--637
 [][][][]$\OML/lmm/m/it/10 F[]$ 
 []


Overfull \hbox (15.26347pt too wide) in paragraph at lines 637--637
 [][][][]$\OML/lmm/m/it/10 F[]$ 
 []


Overfull \hbox (6.77066pt too wide) in paragraph at lines 637--637
 [][][][]$\OML/lmm/m/it/10 X[]$ 
 []


Overfull \hbox (12.432pt too wide) in paragraph at lines 637--637
 [][][][]$\OML/lmm/m/it/10 B[]$ 
 []


Overfull \hbox (12.432pt too wide) in paragraph at lines 637--637
 [][][][]$\OML/lmm/m/it/10 B[]$ 
 []


Overfull \hbox (12.432pt too wide) in paragraph at lines 637--637
 [][][][]$\OML/lmm/m/it/10 B[]$ 
 []


Overfull \hbox (12.432pt too wide) in paragraph at lines 637--637
 [][][][]$\OML/lmm/m/it/10 B[]$ 
 []


Overfull \hbox (12.432pt too wide) in paragraph at lines 637--637
 [][][][]$\OML/lmm/m/it/10 B[]$ 
 []


Overfull \hbox (12.432pt too wide) in paragraph at lines 637--637
 [][][][]$\OML/lmm/m/it/10 B[]$ 
 []


Overfull \hbox (12.432pt too wide) in paragraph at lines 637--637
 [][][][]$\OML/lmm/m/it/10 B[]$ 
 []


Overfull \hbox (12.432pt too wide) in paragraph at lines 637--637
 [][][][]$\OML/lmm/m/it/10 B[]$ 
 []


Overfull \hbox (12.432pt too wide) in paragraph at lines 637--637
 [][][][]$\OML/lmm/m/it/10 B[]$ 
 []


Overfull \hbox (16.418pt too wide) in paragraph at lines 637--637
 [][][][]$\OML/lmm/m/it/10 B[]$ 
 []


Overfull \hbox (11.27748pt too wide) in paragraph at lines 637--637
 [][][][]$\OML/lmm/m/it/10 F[]$ 
 []


Overfull \hbox (11.27748pt too wide) in paragraph at lines 637--637
 [][][][]$\OML/lmm/m/it/10 F[]$ 
 []


Overfull \hbox (11.27748pt too wide) in paragraph at lines 637--637
 [][][][]$\OML/lmm/m/it/10 F[]$ 
 []


Overfull \hbox (11.27748pt too wide) in paragraph at lines 637--637
 [][][][]$\OML/lmm/m/it/10 F[]$ 
 []


Overfull \hbox (11.27748pt too wide) in paragraph at lines 637--637
 [][][][]$\OML/lmm/m/it/10 F[]$ 
 []


Overfull \hbox (11.27748pt too wide) in paragraph at lines 637--637
 [][][][]$\OML/lmm/m/it/10 F[]$ 
 []


Overfull \hbox (11.27748pt too wide) in paragraph at lines 637--637
 [][][][]$\OML/lmm/m/it/10 F[]$ 
 []


Overfull \hbox (11.27748pt too wide) in paragraph at lines 637--637
 [][][][]$\OML/lmm/m/it/10 F[]$ 
 []


Overfull \hbox (11.27748pt too wide) in paragraph at lines 637--637
 [][][][]$\OML/lmm/m/it/10 F[]$ 
 []


Overfull \hbox (15.26347pt too wide) in paragraph at lines 637--637
 [][][][]$\OML/lmm/m/it/10 F[]$ 
 []


Overfull \hbox (6.77066pt too wide) in paragraph at lines 637--637
 [][][][]$\OML/lmm/m/it/10 X[]$ 
 []


Overfull \hbox (12.432pt too wide) in paragraph at lines 637--637
 [][][][]$\OML/lmm/m/it/10 B[]$ 
 []


Overfull \hbox (12.432pt too wide) in paragraph at lines 637--637
 [][][][]$\OML/lmm/m/it/10 B[]$ 
 []


Overfull \hbox (12.432pt too wide) in paragraph at lines 637--637
 [][][][]$\OML/lmm/m/it/10 B[]$ 
 []


Overfull \hbox (12.432pt too wide) in paragraph at lines 637--637
 [][][][]$\OML/lmm/m/it/10 B[]$ 
 []


Overfull \hbox (12.432pt too wide) in paragraph at lines 637--637
 [][][][]$\OML/lmm/m/it/10 B[]$ 
 []


Overfull \hbox (12.432pt too wide) in paragraph at lines 637--637
 [][][][]$\OML/lmm/m/it/10 B[]$ 
 []


Overfull \hbox (12.432pt too wide) in paragraph at lines 637--637
 [][][][]$\OML/lmm/m/it/10 B[]$ 
 []


Overfull \hbox (12.432pt too wide) in paragraph at lines 637--637
 [][][][]$\OML/lmm/m/it/10 B[]$ 
 []


Overfull \hbox (12.432pt too wide) in paragraph at lines 637--637
 [][][][]$\OML/lmm/m/it/10 B[]$ 
 []


Overfull \hbox (16.418pt too wide) in paragraph at lines 637--637
 [][][][]$\OML/lmm/m/it/10 B[]$ 
 []


Overfull \hbox (11.27748pt too wide) in paragraph at lines 637--637
 [][][][]$\OML/lmm/m/it/10 F[]$ 
 []


Overfull \hbox (11.27748pt too wide) in paragraph at lines 637--637
 [][][][]$\OML/lmm/m/it/10 F[]$ 
 []


Overfull \hbox (11.27748pt too wide) in paragraph at lines 637--637
 [][][][]$\OML/lmm/m/it/10 F[]$ 
 []


Overfull \hbox (11.27748pt too wide) in paragraph at lines 637--637
 [][][][]$\OML/lmm/m/it/10 F[]$ 
 []


Overfull \hbox (11.27748pt too wide) in paragraph at lines 637--637
 [][][][]$\OML/lmm/m/it/10 F[]$ 
 []


Overfull \hbox (11.27748pt too wide) in paragraph at lines 637--637
 [][][][]$\OML/lmm/m/it/10 F[]$ 
 []


Overfull \hbox (11.27748pt too wide) in paragraph at lines 637--637
 [][][][]$\OML/lmm/m/it/10 F[]$ 
 []


Overfull \hbox (11.27748pt too wide) in paragraph at lines 637--637
 [][][][]$\OML/lmm/m/it/10 F[]$ 
 []


Overfull \hbox (11.27748pt too wide) in paragraph at lines 637--637
 [][][][]$\OML/lmm/m/it/10 F[]$ 
 []


Overfull \hbox (15.26347pt too wide) in paragraph at lines 637--637
 [][][][]$\OML/lmm/m/it/10 F[]$ 
 []


Overfull \hbox (6.77066pt too wide) in paragraph at lines 637--637
 [][][][]$\OML/lmm/m/it/10 X[]$ 
 []


Overfull \hbox (12.432pt too wide) in paragraph at lines 637--637
 [][][][]$\OML/lmm/m/it/10 B[]$ 
 []


Overfull \hbox (12.432pt too wide) in paragraph at lines 637--637
 [][][][]$\OML/lmm/m/it/10 B[]$ 
 []


Overfull \hbox (12.432pt too wide) in paragraph at lines 637--637
 [][][][]$\OML/lmm/m/it/10 B[]$ 
 []


Overfull \hbox (12.432pt too wide) in paragraph at lines 637--637
 [][][][]$\OML/lmm/m/it/10 B[]$ 
 []


Overfull \hbox (12.432pt too wide) in paragraph at lines 637--637
 [][][][]$\OML/lmm/m/it/10 B[]$ 
 []


Overfull \hbox (12.432pt too wide) in paragraph at lines 637--637
 [][][][]$\OML/lmm/m/it/10 B[]$ 
 []


Overfull \hbox (12.432pt too wide) in paragraph at lines 637--637
 [][][][]$\OML/lmm/m/it/10 B[]$ 
 []


Overfull \hbox (12.432pt too wide) in paragraph at lines 637--637
 [][][][]$\OML/lmm/m/it/10 B[]$ 
 []


Overfull \hbox (12.432pt too wide) in paragraph at lines 637--637
 [][][][]$\OML/lmm/m/it/10 B[]$ 
 []


Overfull \hbox (16.418pt too wide) in paragraph at lines 637--637
 [][][][]$\OML/lmm/m/it/10 B[]$ 
 []


Overfull \hbox (11.27748pt too wide) in paragraph at lines 637--637
 [][][][]$\OML/lmm/m/it/10 F[]$ 
 []


Overfull \hbox (11.27748pt too wide) in paragraph at lines 637--637
 [][][][]$\OML/lmm/m/it/10 F[]$ 
 []


Overfull \hbox (11.27748pt too wide) in paragraph at lines 637--637
 [][][][]$\OML/lmm/m/it/10 F[]$ 
 []


Overfull \hbox (11.27748pt too wide) in paragraph at lines 637--637
 [][][][]$\OML/lmm/m/it/10 F[]$ 
 []


Overfull \hbox (11.27748pt too wide) in paragraph at lines 637--637
 [][][][]$\OML/lmm/m/it/10 F[]$ 
 []


Overfull \hbox (11.27748pt too wide) in paragraph at lines 637--637
 [][][][]$\OML/lmm/m/it/10 F[]$ 
 []


Overfull \hbox (11.27748pt too wide) in paragraph at lines 637--637
 [][][][]$\OML/lmm/m/it/10 F[]$ 
 []


Overfull \hbox (11.27748pt too wide) in paragraph at lines 637--637
 [][][][]$\OML/lmm/m/it/10 F[]$ 
 []


Overfull \hbox (11.27748pt too wide) in paragraph at lines 637--637
 [][][][]$\OML/lmm/m/it/10 F[]$ 
 []


Overfull \hbox (15.26347pt too wide) in paragraph at lines 637--637
 [][][][]$\OML/lmm/m/it/10 F[]$ 
 []


Overfull \hbox (10.75665pt too wide) in paragraph at lines 637--637
 [][][][]$\OML/lmm/m/it/10 X[]$ 
 []


Overfull \hbox (16.418pt too wide) in paragraph at lines 637--637
 [][][][]$\OML/lmm/m/it/10 B[]$ 
 []


Overfull \hbox (16.418pt too wide) in paragraph at lines 637--637
 [][][][]$\OML/lmm/m/it/10 B[]$ 
 []


Overfull \hbox (16.418pt too wide) in paragraph at lines 637--637
 [][][][]$\OML/lmm/m/it/10 B[]$ 
 []


Overfull \hbox (16.418pt too wide) in paragraph at lines 637--637
 [][][][]$\OML/lmm/m/it/10 B[]$ 
 []


Overfull \hbox (16.418pt too wide) in paragraph at lines 637--637
 [][][][]$\OML/lmm/m/it/10 B[]$ 
 []


Overfull \hbox (16.418pt too wide) in paragraph at lines 637--637
 [][][][]$\OML/lmm/m/it/10 B[]$ 
 []


Overfull \hbox (16.418pt too wide) in paragraph at lines 637--637
 [][][][]$\OML/lmm/m/it/10 B[]$ 
 []


Overfull \hbox (16.418pt too wide) in paragraph at lines 637--637
 [][][][]$\OML/lmm/m/it/10 B[]$ 
 []


Overfull \hbox (16.418pt too wide) in paragraph at lines 637--637
 [][][][]$\OML/lmm/m/it/10 B[]$ 
 []


Overfull \hbox (20.40399pt too wide) in paragraph at lines 637--637
 [][][][]$\OML/lmm/m/it/10 B[]$ 
 []


Overfull \hbox (15.26347pt too wide) in paragraph at lines 637--637
 [][][][]$\OML/lmm/m/it/10 F[]$ 
 []


Overfull \hbox (15.26347pt too wide) in paragraph at lines 637--637
 [][][][]$\OML/lmm/m/it/10 F[]$ 
 []


Overfull \hbox (15.26347pt too wide) in paragraph at lines 637--637
 [][][][]$\OML/lmm/m/it/10 F[]$ 
 []


Overfull \hbox (15.26347pt too wide) in paragraph at lines 637--637
 [][][][]$\OML/lmm/m/it/10 F[]$ 
 []


Overfull \hbox (15.26347pt too wide) in paragraph at lines 637--637
 [][][][]$\OML/lmm/m/it/10 F[]$ 
 []


Overfull \hbox (15.26347pt too wide) in paragraph at lines 637--637
 [][][][]$\OML/lmm/m/it/10 F[]$ 
 []


Overfull \hbox (15.26347pt too wide) in paragraph at lines 637--637
 [][][][]$\OML/lmm/m/it/10 F[]$ 
 []


Overfull \hbox (15.26347pt too wide) in paragraph at lines 637--637
 [][][][]$\OML/lmm/m/it/10 F[]$ 
 []


Overfull \hbox (15.26347pt too wide) in paragraph at lines 637--637
 [][][][]$\OML/lmm/m/it/10 F[]$ 
 []


Overfull \hbox (19.24947pt too wide) in paragraph at lines 637--637
 [][][][]$\OML/lmm/m/it/10 F[]$ 
 []


Overfull \hbox (10.75665pt too wide) in paragraph at lines 637--637
 [][][][]$\OML/lmm/m/it/10 X[]$ 
 []


Overfull \hbox (16.418pt too wide) in paragraph at lines 637--637
 [][][][]$\OML/lmm/m/it/10 B[]$ 
 []


Overfull \hbox (16.418pt too wide) in paragraph at lines 637--637
 [][][][]$\OML/lmm/m/it/10 B[]$ 
 []


Overfull \hbox (16.418pt too wide) in paragraph at lines 637--637
 [][][][]$\OML/lmm/m/it/10 B[]$ 
 []


Overfull \hbox (16.418pt too wide) in paragraph at lines 637--637
 [][][][]$\OML/lmm/m/it/10 B[]$ 
 []


Overfull \hbox (16.418pt too wide) in paragraph at lines 637--637
 [][][][]$\OML/lmm/m/it/10 B[]$ 
 []


Overfull \hbox (16.418pt too wide) in paragraph at lines 637--637
 [][][][]$\OML/lmm/m/it/10 B[]$ 
 []


Overfull \hbox (16.418pt too wide) in paragraph at lines 637--637
 [][][][]$\OML/lmm/m/it/10 B[]$ 
 []


Overfull \hbox (16.418pt too wide) in paragraph at lines 637--637
 [][][][]$\OML/lmm/m/it/10 B[]$ 
 []


Overfull \hbox (16.418pt too wide) in paragraph at lines 637--637
 [][][][]$\OML/lmm/m/it/10 B[]$ 
 []


Overfull \hbox (20.40399pt too wide) in paragraph at lines 637--637
 [][][][]$\OML/lmm/m/it/10 B[]$ 
 []


Overfull \hbox (15.26347pt too wide) in paragraph at lines 637--637
 [][][][]$\OML/lmm/m/it/10 F[]$ 
 []


Overfull \hbox (15.26347pt too wide) in paragraph at lines 637--637
 [][][][]$\OML/lmm/m/it/10 F[]$ 
 []


Overfull \hbox (15.26347pt too wide) in paragraph at lines 637--637
 [][][][]$\OML/lmm/m/it/10 F[]$ 
 []


Overfull \hbox (15.26347pt too wide) in paragraph at lines 637--637
 [][][][]$\OML/lmm/m/it/10 F[]$ 
 []


Overfull \hbox (15.26347pt too wide) in paragraph at lines 637--637
 [][][][]$\OML/lmm/m/it/10 F[]$ 
 []


Overfull \hbox (15.26347pt too wide) in paragraph at lines 637--637
 [][][][]$\OML/lmm/m/it/10 F[]$ 
 []


Overfull \hbox (15.26347pt too wide) in paragraph at lines 637--637
 [][][][]$\OML/lmm/m/it/10 F[]$ 
 []


Overfull \hbox (15.26347pt too wide) in paragraph at lines 637--637
 [][][][]$\OML/lmm/m/it/10 F[]$ 
 []


Overfull \hbox (15.26347pt too wide) in paragraph at lines 637--637
 [][][][]$\OML/lmm/m/it/10 F[]$ 
 []


Overfull \hbox (19.24947pt too wide) in paragraph at lines 637--637
 [][][][]$\OML/lmm/m/it/10 F[]$ 
 []


Overfull \hbox (10.75665pt too wide) in paragraph at lines 637--637
 [][][][]$\OML/lmm/m/it/10 X[]$ 
 []


Overfull \hbox (16.418pt too wide) in paragraph at lines 637--637
 [][][][]$\OML/lmm/m/it/10 B[]$ 
 []


Overfull \hbox (16.418pt too wide) in paragraph at lines 637--637
 [][][][]$\OML/lmm/m/it/10 B[]$ 
 []


Overfull \hbox (16.418pt too wide) in paragraph at lines 637--637
 [][][][]$\OML/lmm/m/it/10 B[]$ 
 []


Overfull \hbox (16.418pt too wide) in paragraph at lines 637--637
 [][][][]$\OML/lmm/m/it/10 B[]$ 
 []


Overfull \hbox (16.418pt too wide) in paragraph at lines 637--637
 [][][][]$\OML/lmm/m/it/10 B[]$ 
 []


Overfull \hbox (16.418pt too wide) in paragraph at lines 637--637
 [][][][]$\OML/lmm/m/it/10 B[]$ 
 []


Overfull \hbox (16.418pt too wide) in paragraph at lines 637--637
 [][][][]$\OML/lmm/m/it/10 B[]$ 
 []


Overfull \hbox (16.418pt too wide) in paragraph at lines 637--637
 [][][][]$\OML/lmm/m/it/10 B[]$ 
 []


Overfull \hbox (16.418pt too wide) in paragraph at lines 637--637
 [][][][]$\OML/lmm/m/it/10 B[]$ 
 []


Overfull \hbox (20.40399pt too wide) in paragraph at lines 637--637
 [][][][]$\OML/lmm/m/it/10 B[]$ 
 []


Overfull \hbox (15.26347pt too wide) in paragraph at lines 637--637
 [][][][]$\OML/lmm/m/it/10 F[]$ 
 []


Overfull \hbox (15.26347pt too wide) in paragraph at lines 637--637
 [][][][]$\OML/lmm/m/it/10 F[]$ 
 []


Overfull \hbox (15.26347pt too wide) in paragraph at lines 637--637
 [][][][]$\OML/lmm/m/it/10 F[]$ 
 []


Overfull \hbox (15.26347pt too wide) in paragraph at lines 637--637
 [][][][]$\OML/lmm/m/it/10 F[]$ 
 []


Overfull \hbox (15.26347pt too wide) in paragraph at lines 637--637
 [][][][]$\OML/lmm/m/it/10 F[]$ 
 []


Overfull \hbox (15.26347pt too wide) in paragraph at lines 637--637
 [][][][]$\OML/lmm/m/it/10 F[]$ 
 []


Overfull \hbox (15.26347pt too wide) in paragraph at lines 637--637
 [][][][]$\OML/lmm/m/it/10 F[]$ 
 []


Overfull \hbox (15.26347pt too wide) in paragraph at lines 637--637
 [][][][]$\OML/lmm/m/it/10 F[]$ 
 []


Overfull \hbox (15.26347pt too wide) in paragraph at lines 637--637
 [][][][]$\OML/lmm/m/it/10 F[]$ 
 []


Overfull \hbox (19.24947pt too wide) in paragraph at lines 637--637
 [][][][]$\OML/lmm/m/it/10 F[]$ 
 []


Overfull \hbox (10.75665pt too wide) in paragraph at lines 637--637
 [][][][]$\OML/lmm/m/it/10 X[]$ 
 []


Overfull \hbox (16.418pt too wide) in paragraph at lines 637--637
 [][][][]$\OML/lmm/m/it/10 B[]$ 
 []


Overfull \hbox (16.418pt too wide) in paragraph at lines 637--637
 [][][][]$\OML/lmm/m/it/10 B[]$ 
 []


Overfull \hbox (16.418pt too wide) in paragraph at lines 637--637
 [][][][]$\OML/lmm/m/it/10 B[]$ 
 []


Overfull \hbox (16.418pt too wide) in paragraph at lines 637--637
 [][][][]$\OML/lmm/m/it/10 B[]$ 
 []


Overfull \hbox (16.418pt too wide) in paragraph at lines 637--637
 [][][][]$\OML/lmm/m/it/10 B[]$ 
 []


Overfull \hbox (16.418pt too wide) in paragraph at lines 637--637
 [][][][]$\OML/lmm/m/it/10 B[]$ 
 []


Overfull \hbox (16.418pt too wide) in paragraph at lines 637--637
 [][][][]$\OML/lmm/m/it/10 B[]$ 
 []


Overfull \hbox (16.418pt too wide) in paragraph at lines 637--637
 [][][][]$\OML/lmm/m/it/10 B[]$ 
 []


Overfull \hbox (16.418pt too wide) in paragraph at lines 637--637
 [][][][]$\OML/lmm/m/it/10 B[]$ 
 []


Overfull \hbox (20.40399pt too wide) in paragraph at lines 637--637
 [][][][]$\OML/lmm/m/it/10 B[]$ 
 []


Overfull \hbox (15.26347pt too wide) in paragraph at lines 637--637
 [][][][]$\OML/lmm/m/it/10 F[]$ 
 []


Overfull \hbox (15.26347pt too wide) in paragraph at lines 637--637
 [][][][]$\OML/lmm/m/it/10 F[]$ 
 []


Overfull \hbox (15.26347pt too wide) in paragraph at lines 637--637
 [][][][]$\OML/lmm/m/it/10 F[]$ 
 []


Overfull \hbox (15.26347pt too wide) in paragraph at lines 637--637
 [][][][]$\OML/lmm/m/it/10 F[]$ 
 []


Overfull \hbox (15.26347pt too wide) in paragraph at lines 637--637
 [][][][]$\OML/lmm/m/it/10 F[]$ 
 []


Overfull \hbox (15.26347pt too wide) in paragraph at lines 637--637
 [][][][]$\OML/lmm/m/it/10 F[]$ 
 []


Overfull \hbox (15.26347pt too wide) in paragraph at lines 637--637
 [][][][]$\OML/lmm/m/it/10 F[]$ 
 []


Overfull \hbox (15.26347pt too wide) in paragraph at lines 637--637
 [][][][]$\OML/lmm/m/it/10 F[]$ 
 []


Overfull \hbox (15.26347pt too wide) in paragraph at lines 637--637
 [][][][]$\OML/lmm/m/it/10 F[]$ 
 []


Overfull \hbox (19.24947pt too wide) in paragraph at lines 637--637
 [][][][]$\OML/lmm/m/it/10 F[]$ 
 []


Overfull \hbox (10.75665pt too wide) in paragraph at lines 637--637
 [][][][]$\OML/lmm/m/it/10 X[]$ 
 []


Overfull \hbox (16.418pt too wide) in paragraph at lines 637--637
 [][][][]$\OML/lmm/m/it/10 B[]$ 
 []


Overfull \hbox (16.418pt too wide) in paragraph at lines 637--637
 [][][][]$\OML/lmm/m/it/10 B[]$ 
 []


Overfull \hbox (16.418pt too wide) in paragraph at lines 637--637
 [][][][]$\OML/lmm/m/it/10 B[]$ 
 []


Overfull \hbox (16.418pt too wide) in paragraph at lines 637--637
 [][][][]$\OML/lmm/m/it/10 B[]$ 
 []


Overfull \hbox (16.418pt too wide) in paragraph at lines 637--637
 [][][][]$\OML/lmm/m/it/10 B[]$ 
 []


Overfull \hbox (16.418pt too wide) in paragraph at lines 637--637
 [][][][]$\OML/lmm/m/it/10 B[]$ 
 []


Overfull \hbox (16.418pt too wide) in paragraph at lines 637--637
 [][][][]$\OML/lmm/m/it/10 B[]$ 
 []


Overfull \hbox (16.418pt too wide) in paragraph at lines 637--637
 [][][][]$\OML/lmm/m/it/10 B[]$ 
 []


Overfull \hbox (16.418pt too wide) in paragraph at lines 637--637
 [][][][]$\OML/lmm/m/it/10 B[]$ 
 []


Overfull \hbox (20.40399pt too wide) in paragraph at lines 637--637
 [][][][]$\OML/lmm/m/it/10 B[]$ 
 []


Overfull \hbox (15.26347pt too wide) in paragraph at lines 637--637
 [][][][]$\OML/lmm/m/it/10 F[]$ 
 []


Overfull \hbox (15.26347pt too wide) in paragraph at lines 637--637
 [][][][]$\OML/lmm/m/it/10 F[]$ 
 []


Overfull \hbox (15.26347pt too wide) in paragraph at lines 637--637
 [][][][]$\OML/lmm/m/it/10 F[]$ 
 []


Overfull \hbox (15.26347pt too wide) in paragraph at lines 637--637
 [][][][]$\OML/lmm/m/it/10 F[]$ 
 []


Overfull \hbox (15.26347pt too wide) in paragraph at lines 637--637
 [][][][]$\OML/lmm/m/it/10 F[]$ 
 []


Overfull \hbox (15.26347pt too wide) in paragraph at lines 637--637
 [][][][]$\OML/lmm/m/it/10 F[]$ 
 []


Overfull \hbox (15.26347pt too wide) in paragraph at lines 637--637
 [][][][]$\OML/lmm/m/it/10 F[]$ 
 []


Overfull \hbox (15.26347pt too wide) in paragraph at lines 637--637
 [][][][]$\OML/lmm/m/it/10 F[]$ 
 []


Overfull \hbox (15.26347pt too wide) in paragraph at lines 637--637
 [][][][]$\OML/lmm/m/it/10 F[]$ 
 []


Overfull \hbox (19.24947pt too wide) in paragraph at lines 637--637
 [][][][]$\OML/lmm/m/it/10 F[]$ 
 []


Overfull \hbox (10.75665pt too wide) in paragraph at lines 637--637
 [][][][]$\OML/lmm/m/it/10 X[]$ 
 []


Overfull \hbox (16.418pt too wide) in paragraph at lines 637--637
 [][][][]$\OML/lmm/m/it/10 B[]$ 
 []


Overfull \hbox (16.418pt too wide) in paragraph at lines 637--637
 [][][][]$\OML/lmm/m/it/10 B[]$ 
 []


Overfull \hbox (16.418pt too wide) in paragraph at lines 637--637
 [][][][]$\OML/lmm/m/it/10 B[]$ 
 []


Overfull \hbox (16.418pt too wide) in paragraph at lines 637--637
 [][][][]$\OML/lmm/m/it/10 B[]$ 
 []


Overfull \hbox (16.418pt too wide) in paragraph at lines 637--637
 [][][][]$\OML/lmm/m/it/10 B[]$ 
 []


Overfull \hbox (16.418pt too wide) in paragraph at lines 637--637
 [][][][]$\OML/lmm/m/it/10 B[]$ 
 []


Overfull \hbox (16.418pt too wide) in paragraph at lines 637--637
 [][][][]$\OML/lmm/m/it/10 B[]$ 
 []


Overfull \hbox (16.418pt too wide) in paragraph at lines 637--637
 [][][][]$\OML/lmm/m/it/10 B[]$ 
 []


Overfull \hbox (16.418pt too wide) in paragraph at lines 637--637
 [][][][]$\OML/lmm/m/it/10 B[]$ 
 []


Overfull \hbox (20.40399pt too wide) in paragraph at lines 637--637
 [][][][]$\OML/lmm/m/it/10 B[]$ 
 []


Overfull \hbox (15.26347pt too wide) in paragraph at lines 637--637
 [][][][]$\OML/lmm/m/it/10 F[]$ 
 []


Overfull \hbox (15.26347pt too wide) in paragraph at lines 637--637
 [][][][]$\OML/lmm/m/it/10 F[]$ 
 []


Overfull \hbox (15.26347pt too wide) in paragraph at lines 637--637
 [][][][]$\OML/lmm/m/it/10 F[]$ 
 []


Overfull \hbox (15.26347pt too wide) in paragraph at lines 637--637
 [][][][]$\OML/lmm/m/it/10 F[]$ 
 []


Overfull \hbox (15.26347pt too wide) in paragraph at lines 637--637
 [][][][]$\OML/lmm/m/it/10 F[]$ 
 []


Overfull \hbox (15.26347pt too wide) in paragraph at lines 637--637
 [][][][]$\OML/lmm/m/it/10 F[]$ 
 []


Overfull \hbox (15.26347pt too wide) in paragraph at lines 637--637
 [][][][]$\OML/lmm/m/it/10 F[]$ 
 []


Overfull \hbox (15.26347pt too wide) in paragraph at lines 637--637
 [][][][]$\OML/lmm/m/it/10 F[]$ 
 []


Overfull \hbox (15.26347pt too wide) in paragraph at lines 637--637
 [][][][]$\OML/lmm/m/it/10 F[]$ 
 []


Overfull \hbox (19.24947pt too wide) in paragraph at lines 637--637
 [][][][]$\OML/lmm/m/it/10 F[]$ 
 []


Overfull \hbox (10.75665pt too wide) in paragraph at lines 637--637
 [][][][]$\OML/lmm/m/it/10 X[]$ 
 []


Overfull \hbox (16.418pt too wide) in paragraph at lines 637--637
 [][][][]$\OML/lmm/m/it/10 B[]$ 
 []


Overfull \hbox (16.418pt too wide) in paragraph at lines 637--637
 [][][][]$\OML/lmm/m/it/10 B[]$ 
 []


Overfull \hbox (16.418pt too wide) in paragraph at lines 637--637
 [][][][]$\OML/lmm/m/it/10 B[]$ 
 []


Overfull \hbox (16.418pt too wide) in paragraph at lines 637--637
 [][][][]$\OML/lmm/m/it/10 B[]$ 
 []


Overfull \hbox (16.418pt too wide) in paragraph at lines 637--637
 [][][][]$\OML/lmm/m/it/10 B[]$ 
 []


Overfull \hbox (16.418pt too wide) in paragraph at lines 637--637
 [][][][]$\OML/lmm/m/it/10 B[]$ 
 []


Overfull \hbox (16.418pt too wide) in paragraph at lines 637--637
 [][][][]$\OML/lmm/m/it/10 B[]$ 
 []


Overfull \hbox (16.418pt too wide) in paragraph at lines 637--637
 [][][][]$\OML/lmm/m/it/10 B[]$ 
 []


Overfull \hbox (16.418pt too wide) in paragraph at lines 637--637
 [][][][]$\OML/lmm/m/it/10 B[]$ 
 []


Overfull \hbox (20.40399pt too wide) in paragraph at lines 637--637
 [][][][]$\OML/lmm/m/it/10 B[]$ 
 []


Overfull \hbox (15.26347pt too wide) in paragraph at lines 637--637
 [][][][]$\OML/lmm/m/it/10 F[]$ 
 []


Overfull \hbox (15.26347pt too wide) in paragraph at lines 637--637
 [][][][]$\OML/lmm/m/it/10 F[]$ 
 []


Overfull \hbox (15.26347pt too wide) in paragraph at lines 637--637
 [][][][]$\OML/lmm/m/it/10 F[]$ 
 []


Overfull \hbox (15.26347pt too wide) in paragraph at lines 637--637
 [][][][]$\OML/lmm/m/it/10 F[]$ 
 []


Overfull \hbox (15.26347pt too wide) in paragraph at lines 637--637
 [][][][]$\OML/lmm/m/it/10 F[]$ 
 []


Overfull \hbox (15.26347pt too wide) in paragraph at lines 637--637
 [][][][]$\OML/lmm/m/it/10 F[]$ 
 []


Overfull \hbox (15.26347pt too wide) in paragraph at lines 637--637
 [][][][]$\OML/lmm/m/it/10 F[]$ 
 []


Overfull \hbox (15.26347pt too wide) in paragraph at lines 637--637
 [][][][]$\OML/lmm/m/it/10 F[]$ 
 []


Overfull \hbox (15.26347pt too wide) in paragraph at lines 637--637
 [][][][]$\OML/lmm/m/it/10 F[]$ 
 []


Overfull \hbox (19.24947pt too wide) in paragraph at lines 637--637
 [][][][]$\OML/lmm/m/it/10 F[]$ 
 []


Overfull \hbox (10.75665pt too wide) in paragraph at lines 637--637
 [][][][]$\OML/lmm/m/it/10 X[]$ 
 []


Overfull \hbox (16.418pt too wide) in paragraph at lines 637--637
 [][][][]$\OML/lmm/m/it/10 B[]$ 
 []


Overfull \hbox (16.418pt too wide) in paragraph at lines 637--637
 [][][][]$\OML/lmm/m/it/10 B[]$ 
 []


Overfull \hbox (16.418pt too wide) in paragraph at lines 637--637
 [][][][]$\OML/lmm/m/it/10 B[]$ 
 []


Overfull \hbox (16.418pt too wide) in paragraph at lines 637--637
 [][][][]$\OML/lmm/m/it/10 B[]$ 
 []


Overfull \hbox (16.418pt too wide) in paragraph at lines 637--637
 [][][][]$\OML/lmm/m/it/10 B[]$ 
 []


Overfull \hbox (16.418pt too wide) in paragraph at lines 637--637
 [][][][]$\OML/lmm/m/it/10 B[]$ 
 []


Overfull \hbox (16.418pt too wide) in paragraph at lines 637--637
 [][][][]$\OML/lmm/m/it/10 B[]$ 
 []


Overfull \hbox (16.418pt too wide) in paragraph at lines 637--637
 [][][][]$\OML/lmm/m/it/10 B[]$ 
 []


Overfull \hbox (16.418pt too wide) in paragraph at lines 637--637
 [][][][]$\OML/lmm/m/it/10 B[]$ 
 []


Overfull \hbox (20.40399pt too wide) in paragraph at lines 637--637
 [][][][]$\OML/lmm/m/it/10 B[]$ 
 []


Overfull \hbox (15.26347pt too wide) in paragraph at lines 637--637
 [][][][]$\OML/lmm/m/it/10 F[]$ 
 []


Overfull \hbox (15.26347pt too wide) in paragraph at lines 637--637
 [][][][]$\OML/lmm/m/it/10 F[]$ 
 []


Overfull \hbox (15.26347pt too wide) in paragraph at lines 637--637
 [][][][]$\OML/lmm/m/it/10 F[]$ 
 []


Overfull \hbox (15.26347pt too wide) in paragraph at lines 637--637
 [][][][]$\OML/lmm/m/it/10 F[]$ 
 []


Overfull \hbox (15.26347pt too wide) in paragraph at lines 637--637
 [][][][]$\OML/lmm/m/it/10 F[]$ 
 []


Overfull \hbox (15.26347pt too wide) in paragraph at lines 637--637
 [][][][]$\OML/lmm/m/it/10 F[]$ 
 []


Overfull \hbox (15.26347pt too wide) in paragraph at lines 637--637
 [][][][]$\OML/lmm/m/it/10 F[]$ 
 []


Overfull \hbox (15.26347pt too wide) in paragraph at lines 637--637
 [][][][]$\OML/lmm/m/it/10 F[]$ 
 []


Overfull \hbox (15.26347pt too wide) in paragraph at lines 637--637
 [][][][]$\OML/lmm/m/it/10 F[]$ 
 []


Overfull \hbox (19.24947pt too wide) in paragraph at lines 637--637
 [][][][]$\OML/lmm/m/it/10 F[]$ 
 []


Overfull \hbox (10.75665pt too wide) in paragraph at lines 637--637
 [][][][]$\OML/lmm/m/it/10 X[]$ 
 []


Overfull \hbox (16.418pt too wide) in paragraph at lines 637--637
 [][][][]$\OML/lmm/m/it/10 B[]$ 
 []


Overfull \hbox (16.418pt too wide) in paragraph at lines 637--637
 [][][][]$\OML/lmm/m/it/10 B[]$ 
 []


Overfull \hbox (16.418pt too wide) in paragraph at lines 637--637
 [][][][]$\OML/lmm/m/it/10 B[]$ 
 []


Overfull \hbox (16.418pt too wide) in paragraph at lines 637--637
 [][][][]$\OML/lmm/m/it/10 B[]$ 
 []


Overfull \hbox (16.418pt too wide) in paragraph at lines 637--637
 [][][][]$\OML/lmm/m/it/10 B[]$ 
 []


Overfull \hbox (16.418pt too wide) in paragraph at lines 637--637
 [][][][]$\OML/lmm/m/it/10 B[]$ 
 []


Overfull \hbox (16.418pt too wide) in paragraph at lines 637--637
 [][][][]$\OML/lmm/m/it/10 B[]$ 
 []


Overfull \hbox (16.418pt too wide) in paragraph at lines 637--637
 [][][][]$\OML/lmm/m/it/10 B[]$ 
 []


Overfull \hbox (16.418pt too wide) in paragraph at lines 637--637
 [][][][]$\OML/lmm/m/it/10 B[]$ 
 []


Overfull \hbox (20.40399pt too wide) in paragraph at lines 637--637
 [][][][]$\OML/lmm/m/it/10 B[]$ 
 []


Overfull \hbox (15.26347pt too wide) in paragraph at lines 637--637
 [][][][]$\OML/lmm/m/it/10 F[]$ 
 []


Overfull \hbox (15.26347pt too wide) in paragraph at lines 637--637
 [][][][]$\OML/lmm/m/it/10 F[]$ 
 []


Overfull \hbox (15.26347pt too wide) in paragraph at lines 637--637
 [][][][]$\OML/lmm/m/it/10 F[]$ 
 []


Overfull \hbox (15.26347pt too wide) in paragraph at lines 637--637
 [][][][]$\OML/lmm/m/it/10 F[]$ 
 []


Overfull \hbox (15.26347pt too wide) in paragraph at lines 637--637
 [][][][]$\OML/lmm/m/it/10 F[]$ 
 []


Overfull \hbox (15.26347pt too wide) in paragraph at lines 637--637
 [][][][]$\OML/lmm/m/it/10 F[]$ 
 []


Overfull \hbox (15.26347pt too wide) in paragraph at lines 637--637
 [][][][]$\OML/lmm/m/it/10 F[]$ 
 []


Overfull \hbox (15.26347pt too wide) in paragraph at lines 637--637
 [][][][]$\OML/lmm/m/it/10 F[]$ 
 []


Overfull \hbox (15.26347pt too wide) in paragraph at lines 637--637
 [][][][]$\OML/lmm/m/it/10 F[]$ 
 []


Overfull \hbox (19.24947pt too wide) in paragraph at lines 637--637
 [][][][]$\OML/lmm/m/it/10 F[]$ 
 []


Overfull \hbox (18.00574pt too wide) in paragraph at lines 637--637
 [][][][]$\OML/lmm/m/it/10 Start$ 
 []


LaTeX Warning: Float too large for page by 42.9704pt on input line 640.

[1

{/Users/martenheidemeyer/Library/texlive/2013/texmf-var/fonts/map/pdftex/updmap
/pdftex.map}] [2]
Overfull \hbox (1.86243pt too wide) in paragraph at lines 749--749
 [][][][]$\OML/lmm/m/it/10 G$ 
 []


Overfull \hbox (1.86243pt too wide) in paragraph at lines 749--749
 [][][][]$\OML/lmm/m/it/10 G$ 
 []


Overfull \hbox (1.86243pt too wide) in paragraph at lines 749--749
 [][][][]$\OML/lmm/m/it/10 C$ 
 []


Overfull \hbox (1.23259pt too wide) in paragraph at lines 749--749
 [][][][]$\OML/lmm/m/it/10 T$ 
 []

LaTeX Font Info:    Try loading font information for OMS+lmr on input line 761.

(/usr/local/texlive/2013/texmf-dist/tex/latex/lm/omslmr.fd
File: omslmr.fd 2009/10/30 v1.6 Font defs for Latin Modern
)
LaTeX Font Info:    Font shape `OMS/lmr/m/n' in size <10> not available
(Font)              Font shape `OMS/lmsy/m/n' tried instead on input line 761.

Overfull \hbox (7.67433pt too wide) in paragraph at lines 774--775
[]$\OT1/lmr/m/it/10 E \OT1/lmr/m/n/10 = \OMS/lmsy/m/n/10 f\OML/lmm/m/it/10 e[]\
OT1/lmr/m/n/10 (1) = []\OML/lmm/m/it/10 ; e[]\OT1/lmr/m/n/10 (2) = []\OML/lmm/m
/it/10 ; e[]\OT1/lmr/m/n/10 (3) = []\OML/lmm/m/it/10 ; e[]\OT1/lmr/m/n/10 (1) =
 []\OML/lmm/m/it/10 ; e[]\OT1/lmr/m/n/10 (2) = []\OML/lmm/m/it/10 ; e[]\OT1/lmr
/m/n/10 (3) =
 []


Overfull \hbox (125.55832pt too wide) in paragraph at lines 780--794
 |  [] 
 []

[3] [4]
Overfull \hbox (13.16547pt too wide) in paragraph at lines 911--911
 [][][][]$\OML/lmm/m/it/10 End$ 
 []

[5]
Underfull \hbox (badness 10000) in paragraph at lines 936--937

 []

[6]
Overfull \hbox (24.75267pt too wide) in paragraph at lines 944--944
[] 
 []

[7] (./BioInfAlgo_Assignment3.aux) ) 
Here is how much of TeX's memory you used:
 13818 strings out of 493315
 243906 string characters out of 6137904
 707094 words of memory out of 5000000
 16989 multiletter control sequences out of 15000+600000
 45129 words of font info for 42 fonts, out of 8000000 for 9000
 957 hyphenation exceptions out of 8191
 56i,21n,55p,1292b,929s stack positions out of 5000i,500n,10000p,200000b,80000s
{/usr/local/texlive/2013/texmf-dist/fonts/e
nc/dvips/lm/lm-mathex.enc}{/usr/local/texlive/2013/texmf-dist/fonts/enc/dvips/l
m/lm-rm.enc}{/usr/local/texlive/2013/texmf-dist/fonts/enc/dvips/lm/lm-mathit.en
c}{/usr/local/texlive/2013/texmf-dist/fonts/enc/dvips/lm/lm-mathsy.enc}{/usr/lo
cal/texlive/2013/texmf-dist/fonts/enc/dvips/lm/lm-ec.enc}</usr/local/texlive/20
13/texmf-dist/fonts/type1/public/lm/lmbx12.pfb></usr/local/texlive/2013/texmf-d
ist/fonts/type1/public/lm/lmex10.pfb></usr/local/texlive/2013/texmf-dist/fonts/
type1/public/lm/lmmi10.pfb></usr/local/texlive/2013/texmf-dist/fonts/type1/publ
ic/lm/lmmi5.pfb></usr/local/texlive/2013/texmf-dist/fonts/type1/public/lm/lmmi7
.pfb></usr/local/texlive/2013/texmf-dist/fonts/type1/public/lm/lmr10.pfb></usr/
local/texlive/2013/texmf-dist/fonts/type1/public/lm/lmr5.pfb></usr/local/texliv
e/2013/texmf-dist/fonts/type1/public/lm/lmr7.pfb></usr/local/texlive/2013/texmf
-dist/fonts/type1/public/lm/lmri10.pfb></usr/local/texlive/2013/texmf-dist/font
s/type1/public/lm/lmsy10.pfb></usr/local/texlive/2013/texmf-dist/fonts/type1/pu
blic/lm/lmsy7.pfb>
Output written on BioInfAlgo_Assignment3.pdf (7 pages, 204640 bytes).
PDF statistics:
 82 PDF objects out of 1000 (max. 8388607)
 61 compressed objects within 1 object stream
 0 named destinations out of 1000 (max. 500000)
 13 words of extra memory for PDF output out of 10000 (max. 10000000)

